opencv/build/intermediates/manifest_merge_blame_file/debug/manifest-merger-blame-debug-report.txt
1<?xml version="1.0" encoding="utf-8"?>
2<manifest xmlns:android="http://schemas.android.com/apk/res/android"
3    package="org.opencv"
4    android:versionCode="403000"
5    android:versionName="4.3.0" >
6
7    <uses-sdk
8        android:minSdkVersion="21"
8-->opencv\java\AndroidManifest.xml
9        android:targetSdkVersion="29" />
9-->opencv\java\AndroidManifest.xml
10
11</manifest>